<?xml version="1.0" encoding="UTF-8"?>
<robot generator="Robot 7.2.2 (Python 3.13.2 on win32)" generated="2025-03-28T01:03:38.409937" rpa="false" schemaversion="5">
<suite id="s1" name="Adopet" source="C:\Users\Aline Alves\OneDrive\Documentos\ROBOT-PROJECT\Step2\adopet.robot">
<kw name="Abrir o site" type="SETUP">
<kw name="Open Browser" owner="SeleniumLibrary">
<msg time="2025-03-28T01:03:38.647522" level="INFO">Opening browser 'chrome' to base url 'https://adopet-frontend-cypress.vercel.app/'.</msg>
<arg>${URL_ADOPET}</arg>
<arg>chrome</arg>
<doc>Opens a new browser instance to the optional ``url``.</doc>
<status status="PASS" start="2025-03-28T01:03:38.647247" elapsed="4.786073"/>
</kw>
<kw name="Maximize Browser Window" owner="SeleniumLibrary">
<doc>Maximizes current browser window.</doc>
<status status="PASS" start="2025-03-28T01:03:43.433724" elapsed="0.112132"/>
</kw>
<status status="PASS" start="2025-03-28T01:03:38.646330" elapsed="4.899787"/>
</kw>
<test id="s1-t1" name="Cen치rio 01: Cadastro adopet" line="71">
<kw name="Desativar Screenshots">
<kw name="Set Global Variable" owner="BuiltIn">
<msg time="2025-03-28T01:03:43.549009" level="INFO">${FAILURE_SCREENSHOT_DIRECTORY} = </msg>
<arg>${FAILURE_SCREENSHOT_DIRECTORY}</arg>
<arg>${EMPTY}</arg>
<doc>Makes a variable available globally in all tests and suites.</doc>
<status status="PASS" start="2025-03-28T01:03:43.547959" elapsed="0.001127"/>
</kw>
<status status="PASS" start="2025-03-28T01:03:43.547390" elapsed="0.001790"/>
</kw>
<kw name="Clicar em Cadastrar">
<kw name="Wait Until Element Is Visible" owner="SeleniumLibrary">
<arg>//*[@id="root"]/main/section/div/div/a[1]</arg>
<arg>3s</arg>
<doc>Waits until the element ``locator`` is visible.</doc>
<status status="PASS" start="2025-03-28T01:03:43.549815" elapsed="0.064551"/>
</kw>
<kw name="Scroll Element Into View" owner="SeleniumLibrary">
<arg>//*[@id="root"]/main/section/div/div/a[1]</arg>
<doc>Scrolls the element identified by ``locator`` into view.</doc>
<status status="PASS" start="2025-03-28T01:03:43.614664" elapsed="0.306073"/>
</kw>
<kw name="Click Link" owner="SeleniumLibrary">
<msg time="2025-03-28T01:03:43.921401" level="INFO">Clicking link 'xpath=//a[@data-test="register-button" and text()="Cadastrar"]'.</msg>
<arg>xpath=//a[@data-test="register-button" and text()="Cadastrar"]</arg>
<doc>Clicks a link identified by ``locator``.</doc>
<status status="PASS" start="2025-03-28T01:03:43.921033" elapsed="0.312102"/>
</kw>
<status status="PASS" start="2025-03-28T01:03:43.549498" elapsed="0.683807"/>
</kw>
<kw name="Inserir dados de cadastro">
<kw name="Input Text" owner="SeleniumLibrary">
<msg time="2025-03-28T01:03:44.241951" level="INFO">Typing text 'Aline Testes' into text field '//*[@id="name"]'.</msg>
<arg>//*[@id="name"]</arg>
<arg>Aline Testes</arg>
<doc>Types the given ``text`` into the text field identified by ``locator``.</doc>
<status status="PASS" start="2025-03-28T01:03:44.241560" elapsed="0.265435"/>
</kw>
<kw name="Input Text" owner="SeleniumLibrary">
<msg time="2025-03-28T01:03:44.508267" level="INFO">Typing text 'aline.teste@gmail.com' into text field '//*[@id="email"]'.</msg>
<arg>//*[@id="email"]</arg>
<arg>${EMAIL}</arg>
<doc>Types the given ``text`` into the text field identified by ``locator``.</doc>
<status status="PASS" start="2025-03-28T01:03:44.507431" elapsed="0.133102"/>
</kw>
<kw name="Input Text" owner="SeleniumLibrary">
<msg time="2025-03-28T01:03:44.641334" level="INFO">Typing text 'A1234a' into text field '//*[@id="pass-create"]'.</msg>
<arg>//*[@id="pass-create"]</arg>
<arg>${PASSWORD}</arg>
<doc>Types the given ``text`` into the text field identified by ``locator``.</doc>
<status status="PASS" start="2025-03-28T01:03:44.640819" elapsed="0.095037"/>
</kw>
<kw name="Input Text" owner="SeleniumLibrary">
<msg time="2025-03-28T01:03:44.737346" level="INFO">Typing text 'A1234a' into text field '//*[@id="pass-confirm"]'.</msg>
<arg>//*[@id="pass-confirm"]</arg>
<arg>${PASSWORD}</arg>
<doc>Types the given ``text`` into the text field identified by ``locator``.</doc>
<status status="PASS" start="2025-03-28T01:03:44.736347" elapsed="0.128530"/>
</kw>
<status status="PASS" start="2025-03-28T01:03:44.240965" elapsed="0.624107"/>
</kw>
<kw name="Enviar cadastro">
<kw name="Scroll Element Into View" owner="SeleniumLibrary">
<arg>xpath=//*[@id="root"]/main/section/form/button[text()="Cadastrar"]</arg>
<doc>Scrolls the element identified by ``locator`` into view.</doc>
<status status="PASS" start="2025-03-28T01:03:44.866011" elapsed="0.297017"/>
</kw>
<kw name="Click Element" owner="SeleniumLibrary">
<msg time="2025-03-28T01:03:45.163884" level="INFO">Clicking element 'xpath=//button[@data-test="submit-button" and text()="Cadastrar"]'.</msg>
<arg>xpath=//button[@data-test="submit-button" and text()="Cadastrar"]</arg>
<doc>Click the element identified by ``locator``.</doc>
<status status="PASS" start="2025-03-28T01:03:45.163488" elapsed="0.136102"/>
</kw>
<status status="PASS" start="2025-03-28T01:03:44.865623" elapsed="0.434087"/>
</kw>
<kw name="Verificar cadastro">
<kw name="Wait Until Element Is Visible" owner="SeleniumLibrary">
<arg>${VERIFY}</arg>
<arg>5s</arg>
<doc>Waits until the element ``locator`` is visible.</doc>
<status status="PASS" start="2025-03-28T01:03:45.300482" elapsed="0.021363"/>
</kw>
<kw name="Sleep" owner="BuiltIn">
<msg time="2025-03-28T01:03:50.323274" level="INFO">Slept 5 seconds.</msg>
<arg>5s</arg>
<doc>Pauses the test executed for the given time.</doc>
<status status="PASS" start="2025-03-28T01:03:45.322091" elapsed="5.001612"/>
</kw>
<kw name="Element Should Be Visible" owner="SeleniumLibrary">
<msg time="2025-03-28T01:03:50.350056" level="INFO">Element '//*[@id="root"]/main/section/p' is displayed.</msg>
<arg>${VERIFY}</arg>
<doc>Verifies that the element identified by ``locator`` is visible.</doc>
<status status="PASS" start="2025-03-28T01:03:50.324227" elapsed="0.025925"/>
</kw>
<status status="PASS" start="2025-03-28T01:03:45.300095" elapsed="5.050151"/>
</kw>
<status status="PASS" start="2025-03-28T01:03:43.546304" elapsed="6.804696"/>
</test>
<test id="s1-t2" name="Cen치rio 02: Fazer Login adopet" line="78">
<kw name="Desativar Screenshots">
<kw name="Set Global Variable" owner="BuiltIn">
<msg time="2025-03-28T01:03:50.353563" level="INFO">${FAILURE_SCREENSHOT_DIRECTORY} = </msg>
<arg>${FAILURE_SCREENSHOT_DIRECTORY}</arg>
<arg>${EMPTY}</arg>
<doc>Makes a variable available globally in all tests and suites.</doc>
<status status="PASS" start="2025-03-28T01:03:50.352888" elapsed="0.000812"/>
</kw>
<status status="PASS" start="2025-03-28T01:03:50.352618" elapsed="0.001178"/>
</kw>
<kw name="Acessar p치gina de login">
<kw name="Scroll Element Into View" owner="SeleniumLibrary">
<msg time="2025-03-28T01:03:50.452283" level="INFO" html="true">&lt;/td&gt;&lt;/tr&gt;&lt;tr&gt;&lt;td colspan="3"&gt;&lt;a href="selenium-screenshot-1.png"&gt;&lt;img src="selenium-screenshot-1.png" width="800px"&gt;&lt;/a&gt;</msg>
<msg time="2025-03-28T01:03:50.452544" level="FAIL">Element with locator '//a[@data-test="login-button"]' not found.</msg>
<arg>//a[@data-test="login-button"]</arg>
<doc>Scrolls the element identified by ``locator`` into view.</doc>
<status status="FAIL" start="2025-03-28T01:03:50.354150" elapsed="0.102538">Element with locator '//a[@data-test="login-button"]' not found.</status>
</kw>
<kw name="Click Link" owner="SeleniumLibrary">
<arg>xpath=//a[@data-test="login-button" and text()="Fazer login"]</arg>
<doc>Clicks a link identified by ``locator``.</doc>
<status status="NOT RUN" start="2025-03-28T01:03:50.456938" elapsed="0.000056"/>
</kw>
<kw name="Sleep" owner="BuiltIn">
<arg>2s</arg>
<doc>Pauses the test executed for the given time.</doc>
<status status="NOT RUN" start="2025-03-28T01:03:50.457138" elapsed="0.000108"/>
</kw>
<status status="FAIL" start="2025-03-28T01:03:50.353963" elapsed="0.103464">Element with locator '//a[@data-test="login-button"]' not found.</status>
</kw>
<kw name="Preencher formul치rio de Login">
<status status="NOT RUN" start="2025-03-28T01:03:50.458192" elapsed="0.000212"/>
</kw>
<kw name="Entrar no sistema">
<status status="NOT RUN" start="2025-03-28T01:03:50.458748" elapsed="0.000049"/>
</kw>
<status status="FAIL" start="2025-03-28T01:03:50.352049" elapsed="0.107016">Element with locator '//a[@data-test="login-button"]' not found.</status>
</test>
<kw name="Fechar site" type="TEARDOWN">
<kw name="Close Browser" owner="SeleniumLibrary">
<doc>Closes the current browser.</doc>
<status status="PASS" start="2025-03-28T01:03:50.460300" elapsed="2.365427"/>
</kw>
<status status="PASS" start="2025-03-28T01:03:50.460044" elapsed="2.365998"/>
</kw>
<status status="FAIL" start="2025-03-28T01:03:38.412432" elapsed="14.413730"/>
</suite>
<statistics>
<total>
<stat pass="1" fail="1" skip="0">All Tests</stat>
</total>
<tag>
</tag>
<suite>
<stat name="Adopet" id="s1" pass="1" fail="1" skip="0">Adopet</stat>
</suite>
</statistics>
<errors>
</errors>
</robot>
